2024-07-22 23:36:15,928 - Could not import comtypes.gen, trying to create it.
2024-07-22 23:36:15,928 - Created comtypes.gen directory: 'C:\Users\harya\AppData\Local\Programs\Python\Python312\Lib\site-packages\comtypes\gen'
2024-07-22 23:36:15,928 - Writing __init__.py file: 'C:\Users\harya\AppData\Local\Programs\Python\Python312\Lib\site-packages\comtypes\gen\__init__.py'
2024-07-22 23:36:15,928 - Using writeable comtypes cache directory: 'C:\Users\harya\AppData\Local\Programs\Python\Python312\Lib\site-packages\comtypes\gen'
2024-07-22 23:36:15,960 - Could not import comtypes.gen._C866CA3A_32F7_11D2_9602_00C04F8EE628_0_5_4: No module named 'comtypes.gen._C866CA3A_32F7_11D2_9602_00C04F8EE628_0_5_4'
2024-07-22 23:36:15,960 - # Generating comtypes.gen._C866CA3A_32F7_11D2_9602_00C04F8EE628_0_5_4
2024-07-22 23:36:16,008 - # Generating comtypes.gen.SpeechLib
2024-07-22 23:36:16,024 - Could not import comtypes.gen._00020430_0000_0000_C000_000000000046_0_2_0: No module named 'comtypes.gen._00020430_0000_0000_C000_000000000046_0_2_0'
2024-07-22 23:36:16,024 - # Generating comtypes.gen._00020430_0000_0000_C000_000000000046_0_2_0
2024-07-22 23:36:16,024 - # Generating comtypes.gen.stdole
2024-07-22 23:41:08,747 - Command recognized: open browser
2024-07-22 23:41:22,537 - UnknownValueError: Could not understand audio
2024-07-22 23:41:28,839 - UnknownValueError: Could not understand audio
2024-07-22 23:41:38,113 - Command recognized: reply dene lag raha hai
2024-07-22 23:41:38,155 - Command not recognized: reply dene lag raha hai
2024-07-22 23:41:43,125 - UnknownValueError: Could not understand audio
2024-07-22 23:41:49,097 - UnknownValueError: Could not understand audio
2024-07-22 23:41:56,982 - Command recognized: open Notepad
2024-07-22 23:42:02,234 - UnknownValueError: Could not understand audio
2024-07-22 23:42:08,754 - UnknownValueError: Could not understand audio
2024-07-22 23:42:15,222 - Command recognized: open Notepad
2024-07-22 23:42:20,094 - UnknownValueError: Could not understand audio
2024-07-22 23:42:26,580 - Command recognized: the Notepad
2024-07-22 23:42:26,614 - Command not recognized: the notepad
2024-07-22 23:42:31,692 - UnknownValueError: Could not understand audio
2024-07-22 23:42:39,061 - Command recognized: close notepad
2024-07-22 23:42:39,095 - Command not recognized: close notepad
2024-07-22 23:42:44,566 - UnknownValueError: Could not understand audio
2024-07-22 23:42:50,442 - Command recognized: get weather
2024-07-30 22:12:45,297 - Could not import comtypes.gen, trying to create it.
2024-07-30 22:12:45,297 - Created comtypes.gen directory: 'C:\Users\saura\AppData\Local\Programs\Python\Python312\Lib\site-packages\comtypes\gen'
2024-07-30 22:12:45,297 - Writing __init__.py file: 'C:\Users\saura\AppData\Local\Programs\Python\Python312\Lib\site-packages\comtypes\gen\__init__.py'
2024-07-30 22:12:45,297 - Using writeable comtypes cache directory: 'C:\Users\saura\AppData\Local\Programs\Python\Python312\Lib\site-packages\comtypes\gen'
2024-07-30 22:12:45,315 - Could not import comtypes.gen._C866CA3A_32F7_11D2_9602_00C04F8EE628_0_5_4: No module named 'comtypes.gen._C866CA3A_32F7_11D2_9602_00C04F8EE628_0_5_4'
2024-07-30 22:12:45,324 - # Generating comtypes.gen._C866CA3A_32F7_11D2_9602_00C04F8EE628_0_5_4
2024-07-30 22:12:45,387 - # Generating comtypes.gen.SpeechLib
2024-07-30 22:12:45,403 - Could not import comtypes.gen._00020430_0000_0000_C000_000000000046_0_2_0: No module named 'comtypes.gen._00020430_0000_0000_C000_000000000046_0_2_0'
2024-07-30 22:12:45,403 - # Generating comtypes.gen._00020430_0000_0000_C000_000000000046_0_2_0
2024-07-30 22:12:45,403 - # Generating comtypes.gen.stdole
2024-07-30 22:14:11,747 - Imported existing <module 'comtypes.gen' from 'C:\\Users\\saura\\AppData\\Local\\Programs\\Python\\Python312\\Lib\\site-packages\\comtypes\\gen\\__init__.py'>
2024-07-30 22:14:11,747 - Using writeable comtypes cache directory: 'C:\Users\saura\AppData\Local\Programs\Python\Python312\Lib\site-packages\comtypes\gen'
2024-07-30 22:18:09,237 - Imported existing <module 'comtypes.gen' from 'C:\\Users\\saura\\AppData\\Local\\Programs\\Python\\Python312\\Lib\\site-packages\\comtypes\\gen\\__init__.py'>
2024-07-30 22:18:09,237 - Using writeable comtypes cache directory: 'C:\Users\saura\AppData\Local\Programs\Python\Python312\Lib\site-packages\comtypes\gen'
2024-07-30 22:18:33,212 - Command recognized: open browser open browser
2024-07-30 22:37:08,775 - Imported existing <module 'comtypes.gen' from 'C:\\Users\\saura\\AppData\\Local\\Programs\\Python\\Python312\\Lib\\site-packages\\comtypes\\gen\\__init__.py'>
2024-07-30 22:37:08,775 - Using writeable comtypes cache directory: 'C:\Users\saura\AppData\Local\Programs\Python\Python312\Lib\site-packages\comtypes\gen'
2024-07-30 22:37:46,299 - Command recognized: search for Python if else program
2024-07-30 22:38:20,941 - Imported existing <module 'comtypes.gen' from 'C:\\Users\\saura\\AppData\\Local\\Programs\\Python\\Python312\\Lib\\site-packages\\comtypes\\gen\\__init__.py'>
2024-07-30 22:38:20,941 - Using writeable comtypes cache directory: 'C:\Users\saura\AppData\Local\Programs\Python\Python312\Lib\site-packages\comtypes\gen'
2024-07-30 22:38:50,446 - Command recognized: search if else program in C plus plus
2024-07-30 22:38:50,530 - Command not recognized: search if else program in c plus plus
2024-07-30 22:39:15,838 - Command recognized: search for Python tutorial
2024-07-30 22:39:15,863 - Command not recognized: search for python tutorial
2024-07-30 22:39:22,774 - Command recognized: open browser
2024-07-30 22:39:22,794 - Command recognized: open browser
2024-07-30 22:39:54,957 - Command recognized: opening browser
2024-07-30 22:39:57,523 - Command recognized: stop
2024-07-30 22:40:01,303 - Command recognized: search for Python tutorial open browser opening browser opening browser stop
2024-07-30 22:46:40,987 - Imported existing <module 'comtypes.gen' from 'C:\\Users\\saura\\AppData\\Local\\Programs\\Python\\Python312\\Lib\\site-packages\\comtypes\\gen\\__init__.py'>
2024-07-30 22:46:40,987 - Using writeable comtypes cache directory: 'C:\Users\saura\AppData\Local\Programs\Python\Python312\Lib\site-packages\comtypes\gen'
2024-07-30 22:47:52,983 - Command recognized: open browser
2024-07-30 22:48:01,154 - UnknownValueError: Could not understand audio
2024-07-30 22:48:06,830 - UnknownValueError: Could not understand audio
2024-07-30 22:48:15,140 - Command recognized: search NEC Plus Plus program
2024-07-30 22:48:15,146 - Command not recognized: search nec plus plus program
2024-07-30 22:48:21,237 - UnknownValueError: Could not understand audio
2024-07-30 22:48:54,298 - Command recognized: search any program on browser
2024-07-30 22:48:54,306 - Command not recognized: search any program on browser
2024-07-30 22:49:03,561 - Command recognized: search any Si Plus Plus program on browser any program on browser
2024-07-30 22:49:03,568 - Command not recognized: search any si plus plus program on browser any program on browser
2024-07-30 22:49:05,079 - Command recognized: search Python tutorial
2024-07-30 22:49:05,087 - Command not recognized: search python tutorial
2024-07-30 22:49:15,307 - Command recognized: Aaj Barish hone
